mode: count
github.com/vpayno/gophercises-quizgame/cmd/quiz/gophercises-quizgame.go:13.13,16.2 2 1
github.com/vpayno/gophercises-quizgame/cmd/quiz/gophercises-quizgame.go:18.13,20.2 1 1
github.com/vpayno/gophercises-quizgame/internal/app/quiz/app.go:26.28,28.2 1 5
github.com/vpayno/gophercises-quizgame/internal/app/quiz/app.go:32.19,35.2 2 2
github.com/vpayno/gophercises-quizgame/internal/app/quiz/app.go:38.15,52.2 7 1
github.com/vpayno/gophercises-quizgame/internal/app/quiz/app.go:54.21,61.14 6 3
github.com/vpayno/gophercises-quizgame/internal/app/quiz/app.go:66.2,70.3 1 3
github.com/vpayno/gophercises-quizgame/internal/app/quiz/app.go:61.14,64.3 2 1
github.com/vpayno/gophercises-quizgame/internal/app/quiz/app.go:73.33,74.46 1 3
github.com/vpayno/gophercises-quizgame/internal/app/quiz/app.go:74.46,76.3 1 4
github.com/vpayno/gophercises-quizgame/internal/app/quiz/app.go:79.34,81.16 2 5
github.com/vpayno/gophercises-quizgame/internal/app/quiz/app.go:85.2,85.15 1 5
github.com/vpayno/gophercises-quizgame/internal/app/quiz/app.go:91.2,94.16 3 5
github.com/vpayno/gophercises-quizgame/internal/app/quiz/app.go:98.2,98.15 1 5
github.com/vpayno/gophercises-quizgame/internal/app/quiz/app.go:102.2,102.14 1 5
github.com/vpayno/gophercises-quizgame/internal/app/quiz/app.go:81.16,83.3 1 1
github.com/vpayno/gophercises-quizgame/internal/app/quiz/app.go:85.15,86.38 1 5
github.com/vpayno/gophercises-quizgame/internal/app/quiz/app.go:86.38,88.4 1 1
github.com/vpayno/gophercises-quizgame/internal/app/quiz/app.go:94.16,96.3 1 1
github.com/vpayno/gophercises-quizgame/internal/app/quiz/app.go:98.15,100.3 1 2
github.com/vpayno/gophercises-quizgame/internal/app/quiz/app.go:105.43,108.29 2 3
github.com/vpayno/gophercises-quizgame/internal/app/quiz/app.go:115.2,115.15 1 3
github.com/vpayno/gophercises-quizgame/internal/app/quiz/app.go:108.29,113.3 1 13
github.com/vpayno/gophercises-quizgame/internal/app/quiz/app.go:118.86,128.29 5 2
github.com/vpayno/gophercises-quizgame/internal/app/quiz/app.go:146.2,146.10 1 2
github.com/vpayno/gophercises-quizgame/internal/app/quiz/app.go:128.29,130.13 2 1
github.com/vpayno/gophercises-quizgame/internal/app/quiz/app.go:134.3,134.10 1 1
github.com/vpayno/gophercises-quizgame/internal/app/quiz/app.go:130.13,132.4 1 1
github.com/vpayno/gophercises-quizgame/internal/app/quiz/app.go:135.18,138.12 3 0
github.com/vpayno/gophercises-quizgame/internal/app/quiz/app.go:139.31,140.16 1 1
github.com/vpayno/gophercises-quizgame/internal/app/quiz/app.go:140.16,142.5 1 1
github.com/vpayno/gophercises-quizgame/internal/app/quiz/app.go:149.58,152.6 2 2
github.com/vpayno/gophercises-quizgame/internal/app/quiz/app.go:152.6,160.17 4 2
github.com/vpayno/gophercises-quizgame/internal/app/quiz/app.go:164.3,164.61 1 0
github.com/vpayno/gophercises-quizgame/internal/app/quiz/app.go:160.17,162.4 1 2
github.com/vpayno/gophercises-quizgame/internal/app/quiz/app.go:168.25,172.2 3 2
github.com/vpayno/gophercises-quizgame/internal/app/quiz/app.go:174.40,177.2 2 4
github.com/vpayno/gophercises-quizgame/internal/app/quiz/init.go:38.27,42.20 3 2
github.com/vpayno/gophercises-quizgame/internal/app/quiz/init.go:46.2,46.20 1 2
github.com/vpayno/gophercises-quizgame/internal/app/quiz/init.go:42.20,44.3 1 2
github.com/vpayno/gophercises-quizgame/internal/app/quiz/init.go:46.20,47.21 1 2
github.com/vpayno/gophercises-quizgame/internal/app/quiz/init.go:50.3,50.21 1 2
github.com/vpayno/gophercises-quizgame/internal/app/quiz/init.go:53.3,53.21 1 2
github.com/vpayno/gophercises-quizgame/internal/app/quiz/init.go:47.21,49.4 1 2
github.com/vpayno/gophercises-quizgame/internal/app/quiz/init.go:50.21,52.4 1 2
github.com/vpayno/gophercises-quizgame/internal/app/quiz/init.go:53.21,55.4 1 2
github.com/vpayno/gophercises-quizgame/internal/app/quiz/init.go:59.20,63.31 3 2
github.com/vpayno/gophercises-quizgame/internal/app/quiz/init.go:67.2,67.28 1 2
github.com/vpayno/gophercises-quizgame/internal/app/quiz/init.go:71.2,71.30 1 2
github.com/vpayno/gophercises-quizgame/internal/app/quiz/init.go:75.2,75.15 1 2
github.com/vpayno/gophercises-quizgame/internal/app/quiz/init.go:63.31,65.3 1 2
github.com/vpayno/gophercises-quizgame/internal/app/quiz/init.go:67.28,69.3 1 2
github.com/vpayno/gophercises-quizgame/internal/app/quiz/init.go:71.30,73.3 1 2
github.com/vpayno/gophercises-quizgame/internal/app/quiz/init.go:81.43,85.16 3 3
github.com/vpayno/gophercises-quizgame/internal/app/quiz/init.go:89.2,89.16 1 3
github.com/vpayno/gophercises-quizgame/internal/app/quiz/init.go:93.2,95.11 2 3
github.com/vpayno/gophercises-quizgame/internal/app/quiz/init.go:85.16,86.95 1 0
github.com/vpayno/gophercises-quizgame/internal/app/quiz/init.go:89.16,91.3 1 1
github.com/vpayno/gophercises-quizgame/internal/app/quiz/init.go:95.11,98.3 2 2
github.com/vpayno/gophercises-quizgame/internal/app/quiz/init.go:105.33,108.2 2 4
